<?xml version="1.0" encoding="UTF-8"?>
<!-- Generated by org.testng.reporters.JUnitReportReporter -->
<testsuite hostname="Palash-Barua" failures="0" tests="1" name="com.runner.TestRunner" time="0.215" errors="0" timestamp="25 Jun 2021 05:00:57 GMT" skipped="1">
  <testcase classname="com.runner.TestRunner" name="runScenario" time="0.215">
    <skipped/>
  </testcase> <!-- runScenario -->
</testsuite> <!-- com.runner.TestRunner -->
