<?xml version="1.0" encoding="UTF-8"?>
<!-- Generated by org.testng.reporters.JUnitReportReporter -->
<testsuite hostname="Palash-Barua" failures="0" tests="1" name="com.Utility.MainParaBankTest" time="4.475" errors="0" timestamp="30 Jul 2021 02:46:52 GMT" skipped="0">
  <testcase classname="com.Utility.MainParaBankTest" name="mainTest" time="4.475"/>
</testsuite> <!-- com.Utility.MainParaBankTest -->
